SQL> @install
'Dropping objects...'
drop sequence sporting_event_ticket_seq
              *
ERROR at line 1:
ORA-02289: sequence does not exist 


Elapsed: 00:00:00.02
drop table sporting_event_ticket
           *
ERROR at line 1:
ORA-00942: table or view does not exist 


Elapsed: 00:00:00.01

Sequence dropped.

Elapsed: 00:00:00.03

Trigger dropped.

Elapsed: 00:00:00.04

Table dropped.

Elapsed: 00:00:00.07
drop sequence player_seq
              *
ERROR at line 1:
ORA-02289: sequence does not exist 


Elapsed: 00:00:00.01
drop trigger player_id_trg
*
ERROR at line 1:
ORA-04080: trigger 'PLAYER_ID_TRG' does not exist 


Elapsed: 00:00:00.02
drop table player
           *
ERROR at line 1:
ORA-00942: table or view does not exist 


Elapsed: 00:00:00.02

Sequence dropped.

Elapsed: 00:00:00.02

Trigger dropped.

Elapsed: 00:00:00.03

Table dropped.

Elapsed: 00:00:00.06
drop sequence person_seq
              *
ERROR at line 1:
ORA-02289: sequence does not exist 


Elapsed: 00:00:00.02
drop trigger person_id_trg
*
ERROR at line 1:
ORA-04080: trigger 'PERSON_ID_TRG' does not exist 


Elapsed: 00:00:00.02

Table dropped.

Elapsed: 00:00:00.06

Table dropped.

Elapsed: 00:00:00.06

Sequence dropped.

Elapsed: 00:00:00.02

Table dropped.

Elapsed: 00:00:00.06

Table dropped.

Elapsed: 00:00:00.06

Table dropped.

Elapsed: 00:00:00.06

Table dropped.

Elapsed: 00:00:00.05

Table dropped.

Elapsed: 00:00:00.07
'Creating objects and base data...'
'Creating seat_type table...'

Table created.

Elapsed: 00:00:00.05

1 row created.

Elapsed: 00:00:00.02

1 row created.

Elapsed: 00:00:00.00

1 row created.

Elapsed: 00:00:00.00

1 row created.

Elapsed: 00:00:00.01

1 row created.

Elapsed: 00:00:00.00

1 row created.

Elapsed: 00:00:00.00
'Creating sport_type table...'

Table created.

Elapsed: 00:00:00.04

1 row created.

Elapsed: 00:00:00.01

1 row created.

Elapsed: 00:00:00.00
'Creating sporting_league table...'

Table created.

Elapsed: 00:00:00.05

1 row created.

Elapsed: 00:00:00.02

1 row created.

Elapsed: 00:00:00.00
'Creating sporting location table...'

Sequence created.

Elapsed: 00:00:00.02

Table created.

Elapsed: 00:00:00.05

1 row created.

Elapsed: 00:00:00.01

1 row created.

Elapsed: 00:00:00.00

1 row created.

Elapsed: 00:00:00.00

1 row created.

Elapsed: 00:00:00.01

1 row created.

Elapsed: 00:00:00.00

1 row created.

Elapsed: 00:00:00.00

1 row created.

Elapsed: 00:00:00.01

1 row created.

Elapsed: 00:00:00.00

1 row created.

Elapsed: 00:00:00.00

1 row created.

Elapsed: 00:00:00.00

1 row created.

Elapsed: 00:00:00.01

1 row created.

Elapsed: 00:00:00.00

1 row created.

Elapsed: 00:00:00.00

1 row created.

Elapsed: 00:00:00.00

1 row created.

Elapsed: 00:00:00.01

1 row created.

Elapsed: 00:00:00.00

1 row created.

Elapsed: 00:00:00.00

1 row created.

Elapsed: 00:00:00.00

1 row created.

Elapsed: 00:00:00.01

1 row created.

Elapsed: 00:00:00.00

1 row created.

Elapsed: 00:00:00.00

1 row created.

Elapsed: 00:00:00.00

1 row created.

Elapsed: 00:00:00.01

1 row created.

Elapsed: 00:00:00.00

1 row created.

Elapsed: 00:00:00.00

1 row created.

Elapsed: 00:00:00.00

1 row created.

Elapsed: 00:00:00.01

1 row created.

Elapsed: 00:00:00.00

1 row created.

Elapsed: 00:00:00.00

1 row created.

Elapsed: 00:00:00.00

28 rows updated.

Elapsed: 00:00:00.01

2 rows updated.

Elapsed: 00:00:00.01

30 rows updated.

Elapsed: 00:00:00.00

PL/SQL procedure successfully completed.

Elapsed: 00:00:00.02

32 rows updated.

Elapsed: 00:00:00.01

32 rows created.

Elapsed: 00:00:00.00

23 rows updated.

Elapsed: 00:00:00.01

9 rows updated.

Elapsed: 00:00:00.00
'Creating sporting_division table...'

Table created.

Elapsed: 00:00:00.06

1 row created.

Elapsed: 00:00:00.02

1 row created.

Elapsed: 00:00:00.00

1 row created.

Elapsed: 00:00:00.00

1 row created.

Elapsed: 00:00:00.01

1 row created.

Elapsed: 00:00:00.00

1 row created.

Elapsed: 00:00:00.00

1 row created.

Elapsed: 00:00:00.00

1 row created.

Elapsed: 00:00:00.01

1 row created.

Elapsed: 00:00:00.00

1 row created.

Elapsed: 00:00:00.00

1 row created.

Elapsed: 00:00:00.00

1 row created.

Elapsed: 00:00:00.01

1 row created.

Elapsed: 00:00:00.00

1 row created.

Elapsed: 00:00:00.00
'Creating sporting_team table...'

Sequence created.

Elapsed: 00:00:00.02

Table created.

Elapsed: 00:00:00.06

Trigger created.

Elapsed: 00:00:00.04

Index created.

Elapsed: 00:00:00.03

Procedure created.

Elapsed: 00:00:00.05

Procedure created.

Elapsed: 00:00:00.12
'Creating sporting_event table...'

Sequence created.

Elapsed: 00:00:00.02

Table created.

Elapsed: 00:00:00.07

Trigger created.

Elapsed: 00:00:00.03
'Creating seat table...'

Table created.

Elapsed: 00:00:00.05

Index created.

Elapsed: 00:00:00.02

Procedure created.

Elapsed: 00:00:00.13
'Creating person table...'

Table created.

Elapsed: 00:00:00.04

7055276 rows created.

Elapsed: 00:00:40.90

Commit complete.

Elapsed: 00:00:00.02
'Creating player table...'

Sequence created.

Elapsed: 00:00:00.01

Table created.

Elapsed: 00:00:00.03

Trigger created.

Elapsed: 00:00:00.01

Synonym created.

Elapsed: 00:00:00.01

Procedure created.

Elapsed: 00:00:00.02

Procedure created.

Elapsed: 00:00:00.03
'Creating ticket table...'

Sequence created.

Elapsed: 00:00:00.01

Table created.

Elapsed: 00:00:00.03

Index created.

Elapsed: 00:00:00.01

Index created.

Elapsed: 00:00:00.01

Index created.

Elapsed: 00:00:00.01
'Creating location seats...'

PL/SQL procedure successfully completed.

Elapsed: 00:00:51.18
'Loading baseball teams...'

PL/SQL procedure successfully completed.

Elapsed: 00:00:00.02

1 row updated.

Elapsed: 00:00:00.00

1 row updated.

Elapsed: 00:00:00.00

1 row updated.

Elapsed: 00:00:00.00

1 row updated.

Elapsed: 00:00:00.00

1 row updated.

Elapsed: 00:00:00.01

1 row updated.

Elapsed: 00:00:00.00

1 row updated.

Elapsed: 00:00:00.00

1 row updated.

Elapsed: 00:00:00.00

1 row updated.

Elapsed: 00:00:00.00

1 row updated.

Elapsed: 00:00:00.00

1 row updated.

Elapsed: 00:00:00.01

1 row updated.

Elapsed: 00:00:00.00

1 row updated.

Elapsed: 00:00:00.00

1 row updated.

Elapsed: 00:00:00.00

1 row updated.

Elapsed: 00:00:00.00

1 row updated.

Elapsed: 00:00:00.00

1 row updated.

Elapsed: 00:00:00.01

1 row updated.

Elapsed: 00:00:00.00

1 row updated.

Elapsed: 00:00:00.00

1 row updated.

Elapsed: 00:00:00.00

1 row updated.

Elapsed: 00:00:00.00

1 row updated.

Elapsed: 00:00:00.00

1 row updated.

Elapsed: 00:00:00.01

1 row updated.

Elapsed: 00:00:00.00

1 row updated.

Elapsed: 00:00:00.00

1 row updated.

Elapsed: 00:00:00.00

1 row updated.

Elapsed: 00:00:00.00

1 row updated.

Elapsed: 00:00:00.00

1 row updated.

Elapsed: 00:00:00.00

1 row updated.

Elapsed: 00:00:00.01
'Loading NFL teams...'

PL/SQL procedure successfully completed.

Elapsed: 00:00:00.02

PL/SQL procedure successfully completed.

Elapsed: 00:00:00.00
'Loading baseball players...'

PL/SQL procedure successfully completed.

Elapsed: 00:00:00.42

Commit complete.

Elapsed: 00:00:00.02
'Loading NFL players...'

PL/SQL procedure successfully completed.

Elapsed: 00:00:00.56

Commit complete.

Elapsed: 00:00:00.01
'Generating baseball season...'

0 rows deleted.

Elapsed: 00:00:00.00

PL/SQL procedure successfully completed.

Elapsed: 00:00:00.17
'Generating NFL season...'

0 rows deleted.

Elapsed: 00:00:00.00

PL/SQL procedure successfully completed.

Elapsed: 00:00:00.11
'Generating baseball tickets...'

PL/SQL procedure successfully completed.

Elapsed: 00:13:44.17
'Generating football tickets...'

PL/SQL procedure successfully completed.

Elapsed: 00:07:06.20
SQL> exit
